2026-07-08 19:29:35,575 [INFO] ============================================================
2026-07-08 19:29:35,575 [INFO] 单词突围 - PDF文本提取工具（精确版）
2026-07-08 19:29:35,576 [INFO] 启动时间：2026-07-08 19:29:35
2026-07-08 19:29:35,576 [INFO] ============================================================
2026-07-08 19:29:35,578 [INFO] 找到 2 个PDF文件:
2026-07-08 19:29:35,579 [INFO]   - 单词突围5200 上册.pdf (137.8 MB)
2026-07-08 19:29:35,579 [INFO]   - 单词突围5200 上册.pdf (137.8 MB)
2026-07-08 19:29:35,579 [INFO] 
============================================================
2026-07-08 19:29:35,579 [INFO] 处理: 单词突围5200 上册.pdf
2026-07-08 19:29:35,579 [INFO] ============================================================
2026-07-08 19:29:35,841 [INFO] PDF总页数: 1327，提取范围: 1-1327
2026-07-08 19:29:36,146 [INFO]   已提取 100 页...
2026-07-08 19:29:36,352 [INFO]   已提取 200 页...
2026-07-08 19:29:36,540 [INFO]   已提取 300 页...
2026-07-08 19:29:36,723 [INFO]   已提取 400 页...
2026-07-08 19:29:36,912 [INFO]   已提取 500 页...
2026-07-08 19:29:37,045 [INFO]   已提取 600 页...
2026-07-08 19:29:37,206 [INFO]   已提取 700 页...
2026-07-08 19:29:37,354 [INFO]   已提取 800 页...
2026-07-08 19:29:37,481 [INFO]   已提取 900 页...
2026-07-08 19:29:37,627 [INFO]   已提取 1000 页...
2026-07-08 19:29:37,751 [INFO]   已提取 1100 页...
2026-07-08 19:29:37,905 [INFO]   已提取 1200 页...
2026-07-08 19:29:38,078 [INFO]   已提取 1300 页...
2026-07-08 19:29:38,141 [INFO] 文本提取完成，共 1327 页
2026-07-08 19:29:38,277 [INFO] 页面扫描完成：36023 行，3386 个独立英文行
2026-07-08 19:29:38,280 [INFO]   按音标切分: 4617 个条目
2026-07-08 19:29:38,291 [INFO]   单词分配: 2478 → 去重 2315 个
2026-07-08 19:29:38,406 [INFO] 文本解析完成：共 2315 个单词条目
2026-07-08 19:29:38,408 [INFO] 
============================================================
2026-07-08 19:29:38,408 [INFO] 处理: 单词突围5200 上册.pdf
2026-07-08 19:29:38,408 [INFO] ============================================================
2026-07-08 19:29:38,412 [INFO] PDF总页数: 1327，提取范围: 1-1327
2026-07-08 19:29:39,036 [INFO]   已提取 100 页...
2026-07-08 19:29:39,591 [INFO]   已提取 200 页...
2026-07-08 19:29:40,059 [INFO]   已提取 300 页...
2026-07-08 19:29:40,498 [INFO]   已提取 400 页...
2026-07-08 19:29:40,894 [INFO]   已提取 500 页...
2026-07-08 19:29:41,362 [INFO]   已提取 600 页...
2026-07-08 19:29:41,751 [INFO]   已提取 700 页...
2026-07-08 19:29:42,111 [INFO]   已提取 800 页...
2026-07-08 19:29:42,528 [INFO]   已提取 900 页...
2026-07-08 19:29:42,936 [INFO]   已提取 1000 页...
2026-07-08 19:29:43,462 [INFO]   已提取 1100 页...
2026-07-08 19:29:43,910 [INFO]   已提取 1200 页...
2026-07-08 19:29:44,304 [INFO]   已提取 1300 页...
2026-07-08 19:29:44,496 [INFO] 文本提取完成，共 1327 页
2026-07-08 19:29:45,056 [INFO] 页面扫描完成：36023 行，3386 个独立英文行
2026-07-08 19:29:45,075 [INFO]   按音标切分: 4617 个条目
2026-07-08 19:29:45,116 [INFO]   单词分配: 2478 → 去重 2315 个
2026-07-08 19:29:45,904 [INFO] 文本解析完成：共 2315 个单词条目
2026-07-08 19:29:45,925 [INFO] 
去重: 4630 → 2315 个唯一单词
2026-07-08 19:29:45,929 [INFO] 
保存文件到: E:\APP\ocr\output
2026-07-08 19:29:46,032 [INFO]   JSON: E:\APP\ocr\output\words_data.json (2315 条目)
2026-07-08 19:29:46,098 [INFO]   CSV: E:\APP\ocr\output\words_data.csv
2026-07-08 19:29:46,100 [INFO] 
提取完成！共 2315 个单词
2026-07-08 19:29:46,100 [INFO] 文件已保存到: E:\APP\ocr\output
2026-07-08 19:33:35,581 [INFO] ============================================================
2026-07-08 19:33:35,582 [INFO] 单词突围 - PDF文本提取工具（精确版）
2026-07-08 19:33:35,582 [INFO] 启动时间：2026-07-08 19:33:35
2026-07-08 19:33:35,582 [INFO] ============================================================
2026-07-08 19:33:35,582 [INFO] 找到 2 个PDF文件:
2026-07-08 19:33:35,582 [INFO]   - 单词突围5200 上册.pdf (137.8 MB)
2026-07-08 19:33:35,583 [INFO]   - 单词突围5200 上册.pdf (137.8 MB)
2026-07-08 19:33:35,583 [INFO] 
============================================================
2026-07-08 19:33:35,583 [INFO] 处理: 单词突围5200 上册.pdf
2026-07-08 19:33:35,583 [INFO] ============================================================
2026-07-08 19:33:35,665 [INFO] PDF总页数: 1327，提取范围: 1-1327
2026-07-08 19:33:35,770 [INFO]   已提取 100 页...
2026-07-08 19:33:35,883 [INFO]   已提取 200 页...
2026-07-08 19:33:35,982 [INFO]   已提取 300 页...
2026-07-08 19:33:36,079 [INFO]   已提取 400 页...
2026-07-08 19:33:36,187 [INFO]   已提取 500 页...
2026-07-08 19:33:36,283 [INFO]   已提取 600 页...
2026-07-08 19:33:36,373 [INFO]   已提取 700 页...
2026-07-08 19:33:36,471 [INFO]   已提取 800 页...
2026-07-08 19:33:36,560 [INFO]   已提取 900 页...
2026-07-08 19:33:36,654 [INFO]   已提取 1000 页...
2026-07-08 19:33:36,751 [INFO]   已提取 1100 页...
2026-07-08 19:33:36,852 [INFO]   已提取 1200 页...
2026-07-08 19:33:36,951 [INFO]   已提取 1300 页...
2026-07-08 19:33:36,999 [INFO] 文本提取完成，共 1327 页
2026-07-08 19:33:37,140 [INFO] 页面扫描完成：36023 行，3386 个独立英文行
2026-07-08 19:33:37,144 [INFO]   按音标切分: 4617 个条目
2026-07-08 19:33:37,155 [INFO]   单词分配: 2478 → 去重 2315 个
2026-07-08 19:33:37,275 [INFO] 文本解析完成：共 2315 个单词条目
2026-07-08 19:33:37,277 [INFO] 
============================================================
2026-07-08 19:33:37,277 [INFO] 处理: 单词突围5200 上册.pdf
2026-07-08 19:33:37,277 [INFO] ============================================================
2026-07-08 19:33:37,281 [INFO] PDF总页数: 1327，提取范围: 1-1327
2026-07-08 19:33:37,389 [INFO]   已提取 100 页...
2026-07-08 19:33:37,487 [INFO]   已提取 200 页...
2026-07-08 19:33:37,588 [INFO]   已提取 300 页...
2026-07-08 19:33:37,676 [INFO]   已提取 400 页...
2026-07-08 19:33:37,771 [INFO]   已提取 500 页...
2026-07-08 19:33:37,875 [INFO]   已提取 600 页...
2026-07-08 19:33:37,976 [INFO]   已提取 700 页...
2026-07-08 19:33:38,071 [INFO]   已提取 800 页...
2026-07-08 19:33:38,157 [INFO]   已提取 900 页...
2026-07-08 19:33:38,256 [INFO]   已提取 1000 页...
2026-07-08 19:33:38,363 [INFO]   已提取 1100 页...
2026-07-08 19:33:38,461 [INFO]   已提取 1200 页...
2026-07-08 19:33:39,443 [INFO]   已提取 1300 页...
2026-07-08 19:33:39,674 [INFO] 文本提取完成，共 1327 页
2026-07-08 19:33:40,362 [INFO] 页面扫描完成：36023 行，3386 个独立英文行
2026-07-08 19:33:40,403 [INFO]   按音标切分: 4617 个条目
2026-07-08 19:33:40,466 [INFO]   单词分配: 2478 → 去重 2315 个
2026-07-08 19:33:41,308 [INFO] 文本解析完成：共 2315 个单词条目
2026-07-08 19:33:41,342 [INFO] 
去重: 4630 → 2315 个唯一单词
2026-07-08 19:33:41,342 [INFO] 
保存文件到: E:\APP\ocr\output
2026-07-08 19:33:41,619 [INFO]   JSON: E:\APP\ocr\output\words_data.json (2315 条目)
2026-07-08 19:33:41,728 [INFO]   CSV: E:\APP\ocr\output\words_data.csv
2026-07-08 19:33:41,729 [INFO] 
提取完成！共 2315 个单词
2026-07-08 19:33:41,729 [INFO] 文件已保存到: E:\APP\ocr\output
2026-07-08 19:36:00,067 [INFO] ============================================================
2026-07-08 19:36:00,067 [INFO] 单词突围 - PDF文本提取工具（精确版）
2026-07-08 19:36:00,067 [INFO] 启动时间：2026-07-08 19:36:00
2026-07-08 19:36:00,067 [INFO] ============================================================
2026-07-08 19:36:00,067 [INFO] 找到 2 个PDF文件:
2026-07-08 19:36:00,067 [INFO]   - 单词突围5200 上册.pdf (137.8 MB)
2026-07-08 19:36:00,067 [INFO]   - 单词突围5200 上册.pdf (137.8 MB)
2026-07-08 19:36:00,067 [INFO] 
============================================================
2026-07-08 19:36:00,068 [INFO] 处理: 单词突围5200 上册.pdf
2026-07-08 19:36:00,068 [INFO] ============================================================
2026-07-08 19:36:00,137 [INFO] PDF总页数: 1327，提取范围: 1-1327
2026-07-08 19:36:00,241 [INFO]   已提取 100 页...
2026-07-08 19:36:00,334 [INFO]   已提取 200 页...
2026-07-08 19:36:00,431 [INFO]   已提取 300 页...
2026-07-08 19:36:00,523 [INFO]   已提取 400 页...
2026-07-08 19:36:00,635 [INFO]   已提取 500 页...
2026-07-08 19:36:00,730 [INFO]   已提取 600 页...
2026-07-08 19:36:00,817 [INFO]   已提取 700 页...
2026-07-08 19:36:00,911 [INFO]   已提取 800 页...
2026-07-08 19:36:01,003 [INFO]   已提取 900 页...
2026-07-08 19:36:01,097 [INFO]   已提取 1000 页...
2026-07-08 19:36:01,193 [INFO]   已提取 1100 页...
2026-07-08 19:36:01,284 [INFO]   已提取 1200 页...
2026-07-08 19:36:01,376 [INFO]   已提取 1300 页...
2026-07-08 19:36:01,426 [INFO] 文本提取完成，共 1327 页
2026-07-08 19:36:01,563 [INFO] 页面扫描完成：36023 行，3386 个独立英文行
2026-07-08 19:36:01,567 [INFO]   按音标切分: 4617 个条目
2026-07-08 19:36:01,578 [INFO]   单词分配: 2478 → 去重 2315 个
2026-07-08 19:36:01,704 [INFO] 文本解析完成：共 2315 个单词条目
2026-07-08 19:36:01,706 [INFO] 
============================================================
2026-07-08 19:36:01,706 [INFO] 处理: 单词突围5200 上册.pdf
2026-07-08 19:36:01,706 [INFO] ============================================================
2026-07-08 19:36:01,710 [INFO] PDF总页数: 1327，提取范围: 1-1327
2026-07-08 19:36:01,811 [INFO]   已提取 100 页...
2026-07-08 19:36:01,911 [INFO]   已提取 200 页...
2026-07-08 19:36:02,009 [INFO]   已提取 300 页...
2026-07-08 19:36:02,116 [INFO]   已提取 400 页...
2026-07-08 19:36:02,212 [INFO]   已提取 500 页...
2026-07-08 19:36:02,304 [INFO]   已提取 600 页...
2026-07-08 19:36:02,392 [INFO]   已提取 700 页...
2026-07-08 19:36:02,486 [INFO]   已提取 800 页...
2026-07-08 19:36:02,572 [INFO]   已提取 900 页...
2026-07-08 19:36:02,663 [INFO]   已提取 1000 页...
2026-07-08 19:36:02,757 [INFO]   已提取 1100 页...
2026-07-08 19:36:02,850 [INFO]   已提取 1200 页...
2026-07-08 19:36:03,081 [INFO]   已提取 1300 页...
2026-07-08 19:36:03,278 [INFO] 文本提取完成，共 1327 页
2026-07-08 19:36:04,022 [INFO] 页面扫描完成：36023 行，3386 个独立英文行
2026-07-08 19:36:04,053 [INFO]   按音标切分: 4617 个条目
2026-07-08 19:36:04,121 [INFO]   单词分配: 2478 → 去重 2315 个
2026-07-08 19:36:04,711 [INFO] 文本解析完成：共 2315 个单词条目
2026-07-08 19:36:04,734 [INFO] 
去重: 4630 → 2315 个唯一单词
2026-07-08 19:36:04,735 [INFO] 
保存文件到: E:\APP\ocr\output
2026-07-08 19:36:04,869 [INFO]   JSON: E:\APP\ocr\output\words_data.json (2315 条目)
2026-07-08 19:36:04,971 [INFO]   CSV: E:\APP\ocr\output\words_data.csv
2026-07-08 19:36:04,981 [INFO] 
提取完成！共 2315 个单词
2026-07-08 19:36:04,982 [INFO] 文件已保存到: E:\APP\ocr\output
